<?xml version="1.0" encoding="UTF-8"?>
<!-- Generated by org.testng.reporters.JUnitXMLReporter -->
<testsuite ignored="0" hostname="shiv-Inspiron-N5110" failures="1" tests="1" name="dukduckgo" time="14.159" errors="0" timestamp="22 Nov 2022 03:25:33 GMT">
  <testcase classname="com.duckduckgo.tests.SearchTests" name="duckduckgo" time="3.033">
    <failure type="java.lang.AssertionError" message="expected [true] but found [false]">
      <![CDATA[java.lang.AssertionError: expected [true] but found [false]
at com.duckduckgo.tests.SearchTests.duckduckgo(SearchTests.java:27)
... Removed 29 stack frames]]>
    </failure>
  </testcase> <!-- duckduckgo -->
</testsuite> <!-- dukduckgo -->
