<?xml version="1.0" encoding="UTF-8"?>
<!-- Generated by org.testng.reporters.JUnitXMLReporter -->
<testsuite ignored="0" hostname="shiv-Inspiron-N5110" failures="1" tests="1" name="dukduckgo failure" time="1809.608" errors="0" timestamp="10 Dec 2022 15:24:28 GMT">
  <testcase classname="com.duckduckgo.tests.SearchTests" name="duckduckgo" time="12.138">
    <failure type="java.lang.AssertionError" message="expected [true] but found [false]">
      <![CDATA[java.lang.AssertionError: expected [true] but found [false]
at com.duckduckgo.tests.SearchTests.duckduckgo(SearchTests.java:21)
at java.base/java.util.concurrent.FutureTask.run(FutureTask.java:264)
at java.base/java.util.concurrent.ThreadPoolExecutor.runWorker(ThreadPoolExecutor.java:1136)
at java.base/java.util.concurrent.ThreadPoolExecutor$Worker.run(ThreadPoolExecutor.java:635)
at java.base/java.lang.Thread.run(Thread.java:833)
... Removed 20 stack frames]]>
    </failure>
  </testcase> <!-- duckduckgo -->
</testsuite> <!-- dukduckgo failure -->
