<?xml version="1.0" encoding="UTF-8"?>
<testng-results ignored="0" total="13" passed="12" failed="1" skipped="0">
  <reporter-output>
  </reporter-output>
  <suite started-at="2022-12-10T14:54:18Z" name="book flight" finished-at="2022-12-10T15:25:43Z" duration-ms="1884704">
    <groups>
    </groups>
    <test started-at="2022-12-10T14:54:18Z" name="dukduckgo pass2" finished-at="2022-12-10T15:24:24Z" duration-ms="1805602">
      <class name="com.duckduckgo.tests.SearchTests">
        <test-method is-config="true" signature="setDriver()[pri:0, instance:com.duckduckgo.tests.SearchTests@2f465398]" started-at="2022-12-10T14:54:18Z" name="setDriver" finished-at="2022-12-10T15:24:13Z" duration-ms="1794774" status="PASS">
          <reporter-output>
          </reporter-output>
        </test-method> <!-- setDriver -->
        <test-method signature="duckduckgo(java.lang.String)[pri:0, instance:com.duckduckgo.tests.SearchTests@2f465398]" started-at="2022-12-10T15:24:13Z" name="duckduckgo" finished-at="2022-12-10T15:24:23Z" duration-ms="10149" status="PASS">
          <params>
            <param index="0">
              <value>
                <![CDATA[javascript]]>
              </value>
            </param>
          </params>
          <reporter-output>
          </reporter-output>
        </test-method> <!-- duckduckgo -->
        <test-method is-config="true" signature="quit()[pri:0, instance:com.duckduckgo.tests.SearchTests@2f465398]" started-at="2022-12-10T15:24:23Z" name="quit" finished-at="2022-12-10T15:24:24Z" duration-ms="616" status="PASS">
          <reporter-output>
          </reporter-output>
        </test-method> <!-- quit -->
      </class> <!-- com.duckduckgo.tests.SearchTests -->
    </test> <!-- dukduckgo pass2 -->
    <test started-at="2022-12-10T14:54:18Z" name="dukduckgo failure" finished-at="2022-12-10T15:24:28Z" duration-ms="1809608">
      <class name="com.duckduckgo.tests.SearchTests">
        <test-method is-config="true" signature="setDriver()[pri:0, instance:com.duckduckgo.tests.SearchTests@7b02881e]" started-at="2022-12-10T14:54:18Z" name="setDriver" finished-at="2022-12-10T15:24:14Z" duration-ms="1795530" status="PASS">
          <reporter-output>
          </reporter-output>
        </test-method> <!-- setDriver -->
        <test-method signature="duckduckgo(java.lang.String)[pri:0, instance:com.duckduckgo.tests.SearchTests@7b02881e]" started-at="2022-12-10T15:24:14Z" name="duckduckgo" finished-at="2022-12-10T15:24:26Z" duration-ms="12138" status="FAIL">
          <params>
            <param index="0">
              <value>
                <![CDATA[xyz]]>
              </value>
            </param>
          </params>
          <exception class="java.lang.AssertionError">
            <message>
              <![CDATA[expected [true] but found [false]]]>
            </message>
            <full-stacktrace>
              <![CDATA[java.lang.AssertionError: expected [true] but found [false]
at org.testng.Assert.fail(Assert.java:96)
at org.testng.Assert.failNotEquals(Assert.java:776)
at org.testng.Assert.assertTrue(Assert.java:44)
at org.testng.Assert.assertTrue(Assert.java:54)
at com.duckduckgo.tests.SearchTests.duckduckgo(SearchTests.java:21)
at java.base/jdk.internal.reflect.NativeMethodAccessorImpl.invoke0(Native Method)
at java.base/jdk.internal.reflect.NativeMethodAccessorImpl.invoke(NativeMethodAccessorImpl.java:77)
at java.base/jdk.internal.reflect.DelegatingMethodAccessorImpl.invoke(DelegatingMethodAccessorImpl.java:43)
at java.base/java.lang.reflect.Method.invoke(Method.java:568)
at org.testng.internal.MethodInvocationHelper.invokeMethod(MethodInvocationHelper.java:124)
at org.testng.internal.Invoker.invokeMethod(Invoker.java:583)
at org.testng.internal.Invoker.invokeTestMethod(Invoker.java:719)
at org.testng.internal.Invoker.invokeTestMethods(Invoker.java:989)
at org.testng.internal.TestMethodWorker.invokeTestMethods(TestMethodWorker.java:125)
at org.testng.internal.TestMethodWorker.run(TestMethodWorker.java:109)
at org.testng.TestRunner.privateRun(TestRunner.java:648)
at org.testng.TestRunner.run(TestRunner.java:505)
at org.testng.SuiteRunner.runTest(SuiteRunner.java:455)
at org.testng.SuiteRunner.access$000(SuiteRunner.java:40)
at org.testng.SuiteRunner$SuiteWorker.run(SuiteRunner.java:489)
at org.testng.internal.thread.ThreadUtil$1.call(ThreadUtil.java:52)
at java.base/java.util.concurrent.FutureTask.run(FutureTask.java:264)
at java.base/java.util.concurrent.ThreadPoolExecutor.runWorker(ThreadPoolExecutor.java:1136)
at java.base/java.util.concurrent.ThreadPoolExecutor$Worker.run(ThreadPoolExecutor.java:635)
at java.base/java.lang.Thread.run(Thread.java:833)
]]>
            </full-stacktrace>
          </exception> <!-- java.lang.AssertionError -->
          <reporter-output>
          </reporter-output>
        </test-method> <!-- duckduckgo -->
        <test-method is-config="true" signature="quit()[pri:0, instance:com.duckduckgo.tests.SearchTests@7b02881e]" started-at="2022-12-10T15:24:26Z" name="quit" finished-at="2022-12-10T15:24:28Z" duration-ms="1920" status="PASS">
          <reporter-output>
          </reporter-output>
        </test-method> <!-- quit -->
      </class> <!-- com.duckduckgo.tests.SearchTests -->
    </test> <!-- dukduckgo failure -->
    <test started-at="2022-12-10T14:54:18Z" name="dukduckgo pass1" finished-at="2022-12-10T15:25:00Z" duration-ms="1841682">
      <class name="com.duckduckgo.tests.SearchTests">
        <test-method is-config="true" signature="setDriver()[pri:0, instance:com.duckduckgo.tests.SearchTests@2898ac89]" started-at="2022-12-10T14:54:18Z" name="setDriver" finished-at="2022-12-10T15:24:36Z" duration-ms="1817600" status="PASS">
          <reporter-output>
          </reporter-output>
        </test-method> <!-- setDriver -->
        <test-method signature="duckduckgo(java.lang.String)[pri:0, instance:com.duckduckgo.tests.SearchTests@2898ac89]" started-at="2022-12-10T15:24:36Z" name="duckduckgo" finished-at="2022-12-10T15:24:59Z" duration-ms="23065" status="PASS">
          <params>
            <param index="0">
              <value>
                <![CDATA[java]]>
              </value>
            </param>
          </params>
          <reporter-output>
          </reporter-output>
        </test-method> <!-- duckduckgo -->
        <test-method is-config="true" signature="quit()[pri:0, instance:com.duckduckgo.tests.SearchTests@2898ac89]" started-at="2022-12-10T15:24:59Z" name="quit" finished-at="2022-12-10T15:25:00Z" duration-ms="1009" status="PASS">
          <reporter-output>
          </reporter-output>
        </test-method> <!-- quit -->
      </class> <!-- com.duckduckgo.tests.SearchTests -->
    </test> <!-- dukduckgo pass1 -->
    <test started-at="2022-12-10T14:54:18Z" name="bookflight for 3 passagers" finished-at="2022-12-10T15:25:09Z" duration-ms="1850658">
      <class name="com.aut.tests.BookFlightTest">
        <test-method is-config="true" signature="setDriver()[pri:0, instance:com.aut.tests.BookFlightTest@68e5eea7]" started-at="2022-12-10T14:54:18Z" name="setDriver" finished-at="2022-12-10T15:24:13Z" duration-ms="1794773" status="PASS">
          <reporter-output>
          </reporter-output>
        </test-method> <!-- setDriver -->
        <test-method signature="registrationPage(java.lang.String, java.lang.String)[pri:0, instance:com.aut.tests.BookFlightTest@68e5eea7]" started-at="2022-12-10T15:24:13Z" name="registrationPage" finished-at="2022-12-10T15:24:51Z" duration-ms="38191" status="PASS">
          <params>
            <param index="0">
              <value>
                <![CDATA[3]]>
              </value>
            </param>
            <param index="1">
              <value>
                <![CDATA[Confirmation]]>
              </value>
            </param>
          </params>
          <reporter-output>
          </reporter-output>
        </test-method> <!-- registrationPage -->
        <test-method signature="registrationConfirmation()[pri:0, instance:com.aut.tests.BookFlightTest@68e5eea7]" started-at="2022-12-10T15:24:51Z" name="registrationConfirmation" finished-at="2022-12-10T15:24:52Z" depends-on-methods="com.aut.tests.BookFlightTest.registrationPage" duration-ms="930" status="PASS">
          <reporter-output>
          </reporter-output>
        </test-method> <!-- registrationConfirmation -->
        <test-method signature="flightDetailsPage()[pri:0, instance:com.aut.tests.BookFlightTest@68e5eea7]" started-at="2022-12-10T15:24:52Z" name="flightDetailsPage" finished-at="2022-12-10T15:25:06Z" depends-on-methods="com.aut.tests.BookFlightTest.registrationConfirmation" duration-ms="13472" status="PASS">
          <reporter-output>
          </reporter-output>
        </test-method> <!-- flightDetailsPage -->
        <test-method signature="selectFlightPage()[pri:0, instance:com.aut.tests.BookFlightTest@68e5eea7]" started-at="2022-12-10T15:25:06Z" name="selectFlightPage" finished-at="2022-12-10T15:25:07Z" depends-on-methods="com.aut.tests.BookFlightTest.flightDetailsPage" duration-ms="1629" status="PASS">
          <reporter-output>
          </reporter-output>
        </test-method> <!-- selectFlightPage -->
        <test-method signature="orderConfirmationPage()[pri:0, instance:com.aut.tests.BookFlightTest@68e5eea7]" started-at="2022-12-10T15:25:07Z" name="orderConfirmationPage" finished-at="2022-12-10T15:25:08Z" depends-on-methods="com.aut.tests.BookFlightTest.selectFlightPage" duration-ms="1036" status="PASS">
          <reporter-output>
          </reporter-output>
        </test-method> <!-- orderConfirmationPage -->
        <test-method is-config="true" signature="quit()[pri:0, instance:com.aut.tests.BookFlightTest@68e5eea7]" started-at="2022-12-10T15:25:08Z" name="quit" finished-at="2022-12-10T15:25:09Z" duration-ms="532" status="PASS">
          <reporter-output>
          </reporter-output>
        </test-method> <!-- quit -->
      </class> <!-- com.aut.tests.BookFlightTest -->
    </test> <!-- bookflight for 3 passagers -->
    <test started-at="2022-12-10T14:54:18Z" name="bookflight for 2 passagers" finished-at="2022-12-10T15:25:43Z" duration-ms="1884704">
      <class name="com.aut.tests.BookFlightTest">
        <test-method is-config="true" signature="setDriver()[pri:0, instance:com.aut.tests.BookFlightTest@3c3d9b6b]" started-at="2022-12-10T14:54:18Z" name="setDriver" finished-at="2022-12-10T15:24:40Z" duration-ms="1821915" status="PASS">
          <reporter-output>
          </reporter-output>
        </test-method> <!-- setDriver -->
        <test-method signature="registrationPage(java.lang.String, java.lang.String)[pri:0, instance:com.aut.tests.BookFlightTest@3c3d9b6b]" started-at="2022-12-10T15:24:40Z" name="registrationPage" finished-at="2022-12-10T15:25:23Z" duration-ms="42987" status="PASS">
          <params>
            <param index="0">
              <value>
                <![CDATA[2]]>
              </value>
            </param>
            <param index="1">
              <value>
                <![CDATA[Confirmation]]>
              </value>
            </param>
          </params>
          <reporter-output>
          </reporter-output>
        </test-method> <!-- registrationPage -->
        <test-method signature="registrationConfirmation()[pri:0, instance:com.aut.tests.BookFlightTest@3c3d9b6b]" started-at="2022-12-10T15:25:23Z" name="registrationConfirmation" finished-at="2022-12-10T15:25:24Z" depends-on-methods="com.aut.tests.BookFlightTest.registrationPage" duration-ms="637" status="PASS">
          <reporter-output>
          </reporter-output>
        </test-method> <!-- registrationConfirmation -->
        <test-method signature="flightDetailsPage()[pri:0, instance:com.aut.tests.BookFlightTest@3c3d9b6b]" started-at="2022-12-10T15:25:24Z" name="flightDetailsPage" finished-at="2022-12-10T15:25:37Z" depends-on-methods="com.aut.tests.BookFlightTest.registrationConfirmation" duration-ms="13428" status="PASS">
          <reporter-output>
          </reporter-output>
        </test-method> <!-- flightDetailsPage -->
        <test-method signature="selectFlightPage()[pri:0, instance:com.aut.tests.BookFlightTest@3c3d9b6b]" started-at="2022-12-10T15:25:37Z" name="selectFlightPage" finished-at="2022-12-10T15:25:41Z" depends-on-methods="com.aut.tests.BookFlightTest.flightDetailsPage" duration-ms="3355" status="PASS">
          <reporter-output>
          </reporter-output>
        </test-method> <!-- selectFlightPage -->
        <test-method signature="orderConfirmationPage()[pri:0, instance:com.aut.tests.BookFlightTest@3c3d9b6b]" started-at="2022-12-10T15:25:41Z" name="orderConfirmationPage" finished-at="2022-12-10T15:25:42Z" depends-on-methods="com.aut.tests.BookFlightTest.selectFlightPage" duration-ms="1836" status="PASS">
          <reporter-output>
          </reporter-output>
        </test-method> <!-- orderConfirmationPage -->
        <test-method is-config="true" signature="quit()[pri:0, instance:com.aut.tests.BookFlightTest@3c3d9b6b]" started-at="2022-12-10T15:25:42Z" name="quit" finished-at="2022-12-10T15:25:43Z" duration-ms="510" status="PASS">
          <reporter-output>
          </reporter-output>
        </test-method> <!-- quit -->
      </class> <!-- com.aut.tests.BookFlightTest -->
    </test> <!-- bookflight for 2 passagers -->
  </suite> <!-- book flight -->
</testng-results>
